2025-06-15 02:36:38,357 - INFO - Model log prob: [159.81766 140.05038 151.21066 145.18137 149.45485 156.47684 156.92267
 151.55225 148.49248 150.06235 159.08127 157.02055 162.4933  156.05241
 160.7153  162.5964  158.73302 163.17534 157.76904 158.62007 149.32611
 161.72818 144.6279  164.14018 161.87984 161.49852 152.08977 161.04564
 158.434   157.85117 161.2903  159.71587 151.19101 136.44061 159.26558
 152.8448  153.34857 160.32234 149.8619  160.87439 156.58267 153.04384
 160.83665 162.45699 162.96562 163.2606  153.15117 163.82558 161.21521
 150.8378  160.366   163.23589 159.04251 152.53778 160.07964 161.0046
 155.20042 156.32428 156.99884 160.3798  151.66483 152.52484 157.94084
 154.0858  157.658   148.81468 157.40364 161.90845 157.61455 152.76022
 142.35966 160.33366 153.61876 160.37111 160.53362 149.30995 157.35576
 157.7829  155.72427 158.32654 149.22717 158.03171 151.7632  154.2178
 159.12296 158.7224  156.10071 138.42586 160.31882 160.7078  152.7356
 146.19102 157.41623 161.54568 156.92172 149.48653 148.57668 153.84921
 154.98904 161.78848 150.2747  156.21455 160.51439 153.82794 155.69612
 151.21864 152.15425 162.05066 162.39078 163.13298 156.8493  161.60622
 159.6039  158.42604 149.67815 156.1535  146.46725 156.05084 153.83533
 150.9994  156.33597 148.53836 152.54019 154.64532 154.39677 160.49861
 150.31253 153.58778 154.0877  161.76083 157.27016 160.71407 154.1981
 154.70595 156.6226  153.82986 163.05412 162.16524 148.03079 154.96077
 153.67422 154.81873 159.50543 155.20003 157.57292 159.1452  156.0103
 160.309   156.05115 163.86201 158.57413 163.46532 158.54202 153.66779
 150.26894 157.93472 159.21645 158.70976 149.39178 158.54953 162.07013
 153.73709 152.88062 157.08653 154.30978 161.47607 159.13545 147.1339
 145.6289  156.70079 151.69951 157.60617 153.67107 163.59026 152.20157
 155.95528 161.83618 156.57764 157.18878 154.02844 158.48125 155.06268
 159.11044 162.32608 156.7128  160.55923 152.66025 147.81853 158.16922
 156.03369 160.52405 154.68146 163.68411 163.03091 143.35623 161.84138
 147.8564  163.25581 158.09477 159.54984 149.46599 149.40788 150.16586
 154.43797 153.91203 163.20847 156.77917 147.53558 158.63013 145.47871
 162.6456  154.16771 151.21407 144.48253 160.64207 152.00816 156.1981
 154.97134 156.64642 152.64883 162.28667 152.99464 157.47926 153.4562
 160.22154 160.66803 158.90073 158.29965 162.0426  158.379   153.45403
 159.62129 155.88055 158.89478 158.89778 153.16644 151.2791  155.9576
 162.74237 162.01785 156.66733 155.65079 148.30385 159.44643 150.24617
 157.16634 156.31422 163.46426 157.60225 155.0172  145.5743  158.54399
 160.59712 155.75961 159.09843 161.29922 157.31064 142.25366 159.04033
 158.14899 160.96817 161.96622 152.1972  162.41136 161.49397 147.81262
 160.96039 156.43889 162.56436 160.51936 155.27405 152.41957 162.39743
 163.67326 154.65215 155.83403 154.05212 156.64189 162.33498 155.76764
 163.6398  164.9602  157.17543 157.57874 149.40498 155.23917 140.84802
 150.24309 152.32304 155.90298 149.40051 161.0016  158.4394  156.90746
 157.49365 159.42084 156.95776 155.68314 154.80794 164.07884 152.38821
 163.754   156.62434 138.95311 159.44594 151.60872 159.60014 158.82112
 138.41835 161.38503 162.45125 155.2642  160.87473 151.61046 160.31187
 142.36746 162.40059 155.21272 156.68    162.17038 147.38753 164.48085
 155.40617 150.73961 134.71188 161.05861 161.78192 148.94545 164.45573
 148.37515 160.19606 155.35062 162.27246 147.57008 163.75847 157.79906
 160.19084 154.15437 160.62398 148.69736 157.35188 157.82626 150.82935
 155.59935 158.73688 146.22688 152.43922 153.5494  159.12965 155.67346
 160.6089  160.5003  152.64323 149.61543 159.05461 161.50252 157.31631
 151.47234 130.52182 159.01166 155.16684 161.11742 160.7644  153.09784
 151.05258 162.72589 156.53127 154.29501 159.6301  162.37955 154.89653
 157.78094 158.38608 159.67494 157.02643 147.94444 149.3658  160.60158
 152.44017 154.81763 162.79115 156.23285 153.98529 141.3029  154.07346
 156.36224 158.1206  157.75073 159.95525 150.95833 158.2026  160.80238
 157.7178  153.19678 160.38693 157.28908 162.85205 153.35143 154.3842
 152.40053 155.37079 164.63907 159.43318 159.8522  160.41193 155.85492
 146.37598 155.53635 155.19861 154.4171  152.06729 159.74564 154.23077
 156.22691 152.08081 159.29568 157.27852 156.90388 155.75636 152.64946
 152.93753 159.44797 150.99715 159.1279  163.35153 160.54062 155.79402
 153.51634 143.77094 156.00934 154.85512 164.18779 154.51859 155.0292
 162.33173 157.70851 159.32234 161.5711  158.83961 151.51643 164.21387
 143.50677 154.52322 150.29158 161.938   152.05994 154.24356 157.57466
 149.12878 152.36299 137.0987  154.15196 150.11357 159.17358 155.69316
 139.689   161.61864 155.84254 159.2823  157.37793 163.87517 157.83165
 163.37495 158.80864 163.08423 150.98764 162.11961 158.9351  156.66733
 158.54642 161.03075 157.53857 154.47327 153.476   152.78926 152.91992
 148.3933  151.49783 153.91685 160.64285 152.93591 159.42062 153.0235
 159.70903 157.95888 152.71016 145.99498 160.48044 150.31128 163.6896
 163.72923 164.60757 146.56116 157.63298 157.6162  154.45297 148.13893
 157.18895 161.43636 156.88193]
